<?xml version="1.0" encoding="UTF-8"?>
<testsuite xmlns:xsi="http://www.w3.org/2001/XMLSchema-instance" xsi:noNamespaceSchemaLocation="https://maven.apache.org/surefire/maven-surefire-plugin/xsd/surefire-test-report-3.0.xsd" version="3.0" name="iudx.catalogue.server.database.SummarizerTest" time="2.885" tests="1" errors="0" skipped="0" failures="0">
  <properties>
[...]
</properties>
  <testcase name="summarize(VertxTestContext)" classname="iudx.catalogue.server.database.SummarizerTest" time="0.167">
    <system-out><![CDATA[2020-11-02 07:41:05,415 main WARN No Root logger was configured, creating default ERROR-level Root logger with Console appender
[&amp#27;[m11-02 07:41:05&amp#27;[m][&amp#27;[32mINFO&amp#27;[m][iudx.catalogue.server.database.SummarizerTest]&amp#27;[m:&amp#27;[miudx thisisiudx a b c some description,with characters  co2 high no2 low medium  
]]></system-out>
  </testcase>
</testsuite>